# JRE version: Java(TM) SE Runtime Environment (8.0_102-b14) (build 1.8.0_102-b14)
# Java VM: Java HotSpot(TM) Client VM (25.102-b14 mixed mode windows-x86 )
Heap:
 def new generation   total 39552K, used 23942K [0x05200000, 0x07ce0000, 0x1a750000)
  eden space 35200K,  63% used [0x05200000, 0x067bb668, 0x07460000)
  from space 4352K,  38% used [0x078a0000, 0x07a461d8, 0x07ce0000)
  to   space 4352K,   0% used [0x07460000, 0x07460000, 0x078a0000)
 tenured generation   total 87616K, used 62498K [0x1a750000, 0x1fce0000, 0x45200000)
   the space 87616K,  71% used [0x1a750000, 0x1e4589c0, 0x1e458a00, 0x1fce0000)
 Metaspace       used 55387K, capacity 59427K, committed 59520K, reserved 59776K
GC Heap History (10 events):
Event: 2252.246 GC heap before
{Heap before GC invocations=161 (full 7):
 def new generation   total 39552K, used 36054K [0x05200000, 0x07ce0000, 0x1a750000)
  eden space 35200K, 100% used [0x05200000, 0x07460000, 0x07460000)
  from space 4352K,  19% used [0x07460000, 0x07535848, 0x078a0000)
  to   space 4352K,   0% used [0x078a0000, 0x078a0000, 0x07ce0000)
 tenured generation   total 87616K, used 61070K [0x1a750000, 0x1fce0000, 0x45200000)
   the space 87616K,  69% used [0x1a750000, 0x1e2f3b50, 0x1e2f3c00, 0x1fce0000)
 Metaspace       used 54886K, capacity 58892K, committed 59008K, reserved 59776K
Event: 2252.250 GC heap after
Heap after GC invocations=162 (full 7):
 def new generation   total 39552K, used 941K [0x05200000, 0x07ce0000, 0x1a750000)
  eden space 35200K,   0% used [0x05200000, 0x05200000, 0x07460000)
  from space 4352K,  21% used [0x078a0000, 0x0798b508, 0x07ce0000)
  to   space 4352K,   0% used [0x07460000, 0x07460000, 0x078a0000)
 tenured generation   total 87616K, used 61070K [0x1a750000, 0x1fce0000, 0x45200000)
   the space 87616K,  69% used [0x1a750000, 0x1e2f3b50, 0x1e2f3c00, 0x1fce0000)
 Metaspace       used 54886K, capacity 58892K, committed 59008K, reserved 59776K
}
Event: 2252.348 GC heap before
{Heap before GC invocations=162 (full 7):
 def new generation   total 39552K, used 36141K [0x05200000, 0x07ce0000, 0x1a750000)
  eden space 35200K, 100% used [0x05200000, 0x07460000, 0x07460000)
  from space 4352K,  21% used [0x078a0000, 0x0798b508, 0x07ce0000)
  to   space 4352K,   0% used [0x07460000, 0x07460000, 0x078a0000)
 tenured generation   total 87616K, used 61070K [0x1a750000, 0x1fce0000, 0x45200000)
   the space 87616K,  69% used [0x1a750000, 0x1e2f3b50, 0x1e2f3c00, 0x1fce0000)
 Metaspace       used 54886K, capacity 58892K, committed 59008K, reserved 59776K
Event: 2252.351 GC heap after
Heap after GC invocations=163 (full 7):
 def new generation   total 39552K, used 354K [0x05200000, 0x07ce0000, 0x1a750000)
  eden space 35200K,   0% used [0x05200000, 0x05200000, 0x07460000)
  from space 4352K,   8% used [0x07460000, 0x074b8838, 0x078a0000)
  to   space 4352K,   0% used [0x078a0000, 0x078a0000, 0x07ce0000)
 tenured generation   total 87616K, used 61070K [0x1a750000, 0x1fce0000, 0x45200000)
   the space 87616K,  69% used [0x1a750000, 0x1e2f3b50, 0x1e2f3c00, 0x1fce0000)
 Metaspace       used 54886K, capacity 58892K, committed 59008K, reserved 59776K
}
Event: 2253.179 GC heap before
{Heap before GC invocations=163 (full 7):
 def new generation   total 39552K, used 35554K [0x05200000, 0x07ce0000, 0x1a750000)
  eden space 35200K, 100% used [0x05200000, 0x07460000, 0x07460000)
  from space 4352K,   8% used [0x07460000, 0x074b8838, 0x078a0000)
  to   space 4352K,   0% used [0x078a0000, 0x078a0000, 0x07ce0000)
 tenured generation   total 87616K, used 61070K [0x1a750000, 0x1fce0000, 0x45200000)
   the space 87616K,  69% used [0x1a750000, 0x1e2f3b50, 0x1e2f3c00, 0x1fce0000)
 Metaspace       used 54886K, capacity 58892K, committed 59008K, reserved 59776K
Event: 2253.182 GC heap after
Heap after GC invocations=164 (full 7):
 def new generation   total 39552K, used 534K [0x05200000, 0x07ce0000, 0x1a750000)
  eden space 35200K,   0% used [0x05200000, 0x05200000, 0x07460000)
  from space 4352K,  12% used [0x078a0000, 0x079258c0, 0x07ce0000)
  to   space 4352K,   0% used [0x07460000, 0x07460000, 0x078a0000)
 tenured generation   total 87616K, used 61070K [0x1a750000, 0x1fce0000, 0x45200000)
   the space 87616K,  69% used [0x1a750000, 0x1e2f3b50, 0x1e2f3c00, 0x1fce0000)
 Metaspace       used 54886K, capacity 58892K, committed 59008K, reserved 59776K
}
Event: 2253.297 GC heap before
{Heap before GC invocations=164 (full 7):
 def new generation   total 39552K, used 35734K [0x05200000, 0x07ce0000, 0x1a750000)
  eden space 35200K, 100% used [0x05200000, 0x07460000, 0x07460000)
  from space 4352K,  12% used [0x078a0000, 0x079258c0, 0x07ce0000)
  to   space 4352K,   0% used [0x07460000, 0x07460000, 0x078a0000)
 tenured generation   total 87616K, used 61070K [0x1a750000, 0x1fce0000, 0x45200000)
   the space 87616K,  69% used [0x1a750000, 0x1e2f3b50, 0x1e2f3c00, 0x1fce0000)
 Metaspace       used 54886K, capacity 58892K, committed 59008K, reserved 59776K
Event: 2253.311 GC heap after
Heap after GC invocations=165 (full 7):
 def new generation   total 39552K, used 2976K [0x05200000, 0x07ce0000, 0x1a750000)
  eden space 35200K,   0% used [0x05200000, 0x05200000, 0x07460000)
  from space 4352K,  68% used [0x07460000, 0x07748280, 0x078a0000)
  to   space 4352K,   0% used [0x078a0000, 0x078a0000, 0x07ce0000)
 tenured generation   total 87616K, used 61070K [0x1a750000, 0x1fce0000, 0x45200000)
   the space 87616K,  69% used [0x1a750000, 0x1e2f3b50, 0x1e2f3c00, 0x1fce0000)
 Metaspace       used 54886K, capacity 58892K, committed 59008K, reserved 59776K
}
Event: 2274.535 GC heap before
{Heap before GC invocations=165 (full 7):
 def new generation   total 39552K, used 38176K [0x05200000, 0x07ce0000, 0x1a750000)
  eden space 35200K, 100% used [0x05200000, 0x07460000, 0x07460000)
  from space 4352K,  68% used [0x07460000, 0x07748280, 0x078a0000)
  to   space 4352K,   0% used [0x078a0000, 0x078a0000, 0x07ce0000)
 tenured generation   total 87616K, used 61070K [0x1a750000, 0x1fce0000, 0x45200000)
   the space 87616K,  69% used [0x1a750000, 0x1e2f3b50, 0x1e2f3c00, 0x1fce0000)
 Metaspace       used 55195K, capacity 59235K, committed 59264K, reserved 59776K
Event: 2274.549 GC heap after
Heap after GC invocations=166 (full 7):
 def new generation   total 39552K, used 1688K [0x05200000, 0x07ce0000, 0x1a750000)
  eden space 35200K,   0% used [0x05200000, 0x05200000, 0x07460000)
  from space 4352K,  38% used [0x078a0000, 0x07a461d8, 0x07ce0000)
  to   space 4352K,   0% used [0x07460000, 0x07460000, 0x078a0000)
 tenured generation   total 87616K, used 62498K [0x1a750000, 0x1fce0000, 0x45200000)
   the space 87616K,  71% used [0x1a750000, 0x1e4589c0, 0x1e458a00, 0x1fce0000)
 Metaspace       used 55195K, capacity 59235K, committed 59264K, reserved 59776K
}

