# JRE version: Java(TM) SE Runtime Environment (8.0_102-b14) (build 1.8.0_102-b14)
# Java VM: Java HotSpot(TM) Client VM (25.102-b14 mixed mode windows-x86 )
Heap:
 def new generation   total 43328K, used 30046K [0x04a00000, 0x07900000, 0x19f50000)
  eden space 38528K,  75% used [0x04a00000, 0x0663a210, 0x06fa0000)
  from space 4800K,  23% used [0x07450000, 0x0756d708, 0x07900000)
  to   space 4800K,   0% used [0x06fa0000, 0x06fa0000, 0x07450000)
 tenured generation   total 96024K, used 94354K [0x19f50000, 0x1fd16000, 0x44a00000)
   the space 96024K,  98% used [0x19f50000, 0x1fb749a0, 0x1fb74a00, 0x1fd16000)
 Metaspace       used 56291K, capacity 60427K, committed 60544K, reserved 60800K
GC Heap History (10 events):
Event: 40552.238 GC heap before
{Heap before GC invocations=1111 (full 12):
 def new generation   total 43328K, used 39055K [0x04a00000, 0x07900000, 0x19f50000)
  eden space 38528K, 100% used [0x04a00000, 0x06fa0000, 0x06fa0000)
  from space 4800K,  10% used [0x06fa0000, 0x07023e88, 0x07450000)
  to   space 4800K,   0% used [0x07450000, 0x07450000, 0x07900000)
 tenured generation   total 96024K, used 92657K [0x19f50000, 0x1fd16000, 0x44a00000)
   the space 96024K,  96% used [0x19f50000, 0x1f9cc600, 0x1f9cc600, 0x1fd16000)
 Metaspace       used 55966K, capacity 60015K, committed 60032K, reserved 60800K
Event: 40552.243 GC heap after
Heap after GC invocations=1112 (full 12):
 def new generation   total 43328K, used 309K [0x04a00000, 0x07900000, 0x19f50000)
  eden space 38528K,   0% used [0x04a00000, 0x04a00000, 0x06fa0000)
  from space 4800K,   6% used [0x07450000, 0x0749d7f8, 0x07900000)
  to   space 4800K,   0% used [0x06fa0000, 0x06fa0000, 0x07450000)
 tenured generation   total 96024K, used 92657K [0x19f50000, 0x1fd16000, 0x44a00000)
   the space 96024K,  96% used [0x19f50000, 0x1f9cc600, 0x1f9cc600, 0x1fd16000)
 Metaspace       used 55966K, capacity 60015K, committed 60032K, reserved 60800K
}
Event: 40552.457 GC heap before
{Heap before GC invocations=1112 (full 12):
 def new generation   total 43328K, used 38837K [0x04a00000, 0x07900000, 0x19f50000)
  eden space 38528K, 100% used [0x04a00000, 0x06fa0000, 0x06fa0000)
  from space 4800K,   6% used [0x07450000, 0x0749d7f8, 0x07900000)
  to   space 4800K,   0% used [0x06fa0000, 0x06fa0000, 0x07450000)
 tenured generation   total 96024K, used 92657K [0x19f50000, 0x1fd16000, 0x44a00000)
   the space 96024K,  96% used [0x19f50000, 0x1f9cc600, 0x1f9cc600, 0x1fd16000)
 Metaspace       used 55966K, capacity 60015K, committed 60032K, reserved 60800K
Event: 40552.463 GC heap after
Heap after GC invocations=1113 (full 12):
 def new generation   total 43328K, used 586K [0x04a00000, 0x07900000, 0x19f50000)
  eden space 38528K,   0% used [0x04a00000, 0x04a00000, 0x06fa0000)
  from space 4800K,  12% used [0x06fa0000, 0x07032920, 0x07450000)
  to   space 4800K,   0% used [0x07450000, 0x07450000, 0x07900000)
 tenured generation   total 96024K, used 92657K [0x19f50000, 0x1fd16000, 0x44a00000)
   the space 96024K,  96% used [0x19f50000, 0x1f9cc600, 0x1f9cc600, 0x1fd16000)
 Metaspace       used 55966K, capacity 60015K, committed 60032K, reserved 60800K
}
Event: 40553.826 GC heap before
{Heap before GC invocations=1113 (full 12):
 def new generation   total 43328K, used 39114K [0x04a00000, 0x07900000, 0x19f50000)
  eden space 38528K, 100% used [0x04a00000, 0x06fa0000, 0x06fa0000)
  from space 4800K,  12% used [0x06fa0000, 0x07032920, 0x07450000)
  to   space 4800K,   0% used [0x07450000, 0x07450000, 0x07900000)
 tenured generation   total 96024K, used 92657K [0x19f50000, 0x1fd16000, 0x44a00000)
   the space 96024K,  96% used [0x19f50000, 0x1f9cc600, 0x1f9cc600, 0x1fd16000)
 Metaspace       used 55966K, capacity 60015K, committed 60032K, reserved 60800K
Event: 40553.831 GC heap after
Heap after GC invocations=1114 (full 12):
 def new generation   total 43328K, used 1079K [0x04a00000, 0x07900000, 0x19f50000)
  eden space 38528K,   0% used [0x04a00000, 0x04a00000, 0x06fa0000)
  from space 4800K,  22% used [0x07450000, 0x0755df50, 0x07900000)
  to   space 4800K,   0% used [0x06fa0000, 0x06fa0000, 0x07450000)
 tenured generation   total 96024K, used 92657K [0x19f50000, 0x1fd16000, 0x44a00000)
   the space 96024K,  96% used [0x19f50000, 0x1f9cc600, 0x1f9cc600, 0x1fd16000)
 Metaspace       used 55966K, capacity 60015K, committed 60032K, reserved 60800K
}
Event: 40560.070 GC heap before
{Heap before GC invocations=1114 (full 12):
 def new generation   total 43328K, used 39607K [0x04a00000, 0x07900000, 0x19f50000)
  eden space 38528K, 100% used [0x04a00000, 0x06fa0000, 0x06fa0000)
  from space 4800K,  22% used [0x07450000, 0x0755df50, 0x07900000)
  to   space 4800K,   0% used [0x06fa0000, 0x06fa0000, 0x07450000)
 tenured generation   total 96024K, used 92657K [0x19f50000, 0x1fd16000, 0x44a00000)
   the space 96024K,  96% used [0x19f50000, 0x1f9cc600, 0x1f9cc600, 0x1fd16000)
 Metaspace       used 55966K, capacity 60015K, committed 60032K, reserved 60800K
Event: 40560.090 GC heap after
Heap after GC invocations=1115 (full 12):
 def new generation   total 43328K, used 3321K [0x04a00000, 0x07900000, 0x19f50000)
  eden space 38528K,   0% used [0x04a00000, 0x04a00000, 0x06fa0000)
  from space 4800K,  69% used [0x06fa0000, 0x072de698, 0x07450000)
  to   space 4800K,   0% used [0x07450000, 0x07450000, 0x07900000)
 tenured generation   total 96024K, used 92657K [0x19f50000, 0x1fd16000, 0x44a00000)
   the space 96024K,  96% used [0x19f50000, 0x1f9cc600, 0x1f9cc600, 0x1fd16000)
 Metaspace       used 55966K, capacity 60015K, committed 60032K, reserved 60800K
}
Event: 40658.652 GC heap before
{Heap before GC invocations=1115 (full 12):
 def new generation   total 43328K, used 41849K [0x04a00000, 0x07900000, 0x19f50000)
  eden space 38528K, 100% used [0x04a00000, 0x06fa0000, 0x06fa0000)
  from space 4800K,  69% used [0x06fa0000, 0x072de698, 0x07450000)
  to   space 4800K,   0% used [0x07450000, 0x07450000, 0x07900000)
 tenured generation   total 96024K, used 92657K [0x19f50000, 0x1fd16000, 0x44a00000)
   the space 96024K,  96% used [0x19f50000, 0x1f9cc600, 0x1f9cc600, 0x1fd16000)
 Metaspace       used 56133K, capacity 60267K, committed 60288K, reserved 60800K
Event: 40658.669 GC heap after
Heap after GC invocations=1116 (full 12):
 def new generation   total 43328K, used 1141K [0x04a00000, 0x07900000, 0x19f50000)
  eden space 38528K,   0% used [0x04a00000, 0x04a00000, 0x06fa0000)
  from space 4800K,  23% used [0x07450000, 0x0756d708, 0x07900000)
  to   space 4800K,   0% used [0x06fa0000, 0x06fa0000, 0x07450000)
 tenured generation   total 96024K, used 94354K [0x19f50000, 0x1fd16000, 0x44a00000)
   the space 96024K,  98% used [0x19f50000, 0x1fb749a0, 0x1fb74a00, 0x1fd16000)
 Metaspace       used 56133K, capacity 60267K, committed 60288K, reserved 60800K
}

